<?xml version="1.0" encoding="UTF-8"?>
<!-- Generated by org.testng.reporters.JUnitReportReporter -->
<testsuite hostname="NODE175" name="selenium.TestJar" tests="1" failures="0" timestamp="3 Dec 2014 06:31:57 GMT" time="19.252" errors="0">
  <testcase name="test" time="19.252" classname="selenium.TestJar"/>
</testsuite> <!-- selenium.TestJar -->
